  [1m[35m (0.6ms)[0m  [1m[34mSELECT sqlite_version(*)[0m
  [1m[35m (5.6ms)[0m  [1m[35mCREATE TABLE "schema_migrations" ("version" varchar NOT NULL PRIMARY KEY)[0m
  [1m[35m (4.8ms)[0m  [1m[35mCREATE TABLE "ar_internal_metadata" ("key" varchar NOT NULL PRIMARY KEY, "value" varchar, "created_at" datetime(6) NOT NULL, "updated_at" datetime(6) NOT NULL)[0m
  [1m[36mActiveRecord::SchemaMigration Pluck (0.1ms)[0m  [1m[34mSELECT "schema_migrations"."version" FROM "schema_migrations" ORDER BY "schema_migrations"."version" ASC[0m
Migrating to CreatePosts (20220617114116)
  [1m[36mTRANSACTION (0.0ms)[0m  [1m[36mbegin transaction[0m
  [1m[35m (0.1ms)[0m  [1m[35mCREATE TABLE "posts" ("id" integer PRIMARY KEY AUTOINCREMENT NOT NULL, "comment" varchar, "created_at" datetime(6) NOT NULL, "updated_at" datetime(6) NOT NULL)[0m
  [1m[36mActiveRecord::SchemaMigration Create (0.1ms)[0m  [1m[32mINSERT INTO "schema_migrations" ("version") VALUES (?)[0m  [["version", "20220617114116"]]
  [1m[36mTRANSACTION (5.2ms)[0m  [1m[36mcommit transaction[0m
  [1m[36mActiveRecord::InternalMetadata Load (0.1ms)[0m  [1m[34mSELECT "ar_internal_metadata".* FROM "ar_internal_metadata" WHERE "ar_internal_metadata"."key" = ? LIMIT ?[0m  [["key", "environment"], ["LIMIT", 1]]
  [1m[36mTRANSACTION (0.0ms)[0m  [1m[36mbegin transaction[0m
  [1m[36mActiveRecord::InternalMetadata Create (0.1ms)[0m  [1m[32mINSERT INTO "ar_internal_metadata" ("key", "value", "created_at", "updated_at") VALUES (?, ?, ?, ?)[0m  [["key", "environment"], ["value", "development"], ["created_at", "2022-06-17 11:42:34.499129"], ["updated_at", "2022-06-17 11:42:34.499129"]]
  [1m[36mTRANSACTION (3.6ms)[0m  [1m[36mcommit transaction[0m
  [1m[35m (0.0ms)[0m  [1m[34mSELECT sqlite_version(*)[0m
  [1m[36mActiveRecord::SchemaMigration Pluck (0.0ms)[0m  [1m[34mSELECT "schema_migrations"."version" FROM "schema_migrations" ORDER BY "schema_migrations"."version" ASC[0m
Started GET "/" for 127.0.0.1 at 2022-06-17 12:49:43 +0100
  [1m[35m (0.2ms)[0m  [1m[34mSELECT sqlite_version(*)[0m
  [1m[36mActiveRecord::SchemaMigration Pluck (0.1ms)[0m  [1m[34mSELECT "schema_migrations"."version" FROM "schema_migrations" ORDER BY "schema_migrations"."version" ASC[0m
Processing by PostsController#index as HTML
  Rendering layout layouts/application.html.erb
  Rendering posts/index.html.erb within layouts/application
  Rendered posts/index.html.erb within layouts/application (Duration: 3.2ms | Allocations: 3353)
  Rendered layout layouts/application.html.erb (Duration: 3.3ms | Allocations: 3458)
Completed 500 Internal Server Error in 10ms (ActiveRecord: 0.0ms | Allocations: 8954)


  
ActionView::Template::Error (undefined method `each' for nil:NilClass):
    11: 
    12:         
    13:         <ul class="comments">
    14:           <% @all_posts.each do |p| %>
    15:             <li><%= p.comment %></li>
    16:           <% end %>
    17:         </ul>
  
app/views/posts/index.html.erb:14
Started GET "/" for 127.0.0.1 at 2022-06-17 12:50:04 +0100
Processing by PostsController#index as HTML
  [1m[35m (0.0ms)[0m  [1m[34mSELECT sqlite_version(*)[0m
  ↳ app/controllers/posts_controller.rb:3:in `index'
Completed 500 Internal Server Error in 9ms (ActiveRecord: 0.5ms | Allocations: 8463)


  
NoMethodError (undefined method `created_at' for #<PostsController:0x0000000000f398>):
  
app/controllers/posts_controller.rb:4:in `index'
Started GET "/" for 127.0.0.1 at 2022-06-17 12:51:22 +0100
Processing by PostsController#index as HTML
  [1m[35m (0.0ms)[0m  [1m[34mSELECT sqlite_version(*)[0m
  ↳ app/controllers/posts_controller.rb:3:in `index'
  Rendering layout layouts/application.html.erb
  Rendering posts/index.html.erb within layouts/application
  [1m[36mPost Load (0.1ms)[0m  [1m[34mSELECT "posts".* FROM "posts" ORDER BY "posts"."created_at" DESC[0m
  ↳ app/views/posts/index.html.erb:14
  Rendered posts/index.html.erb within layouts/application (Duration: 0.6ms | Allocations: 689)
  Rendered layout layouts/application.html.erb (Duration: 146.9ms | Allocations: 90510)
Completed 200 OK in 151ms (Views: 147.4ms | ActiveRecord: 0.6ms | Allocations: 94321)


Started GET "/" for 127.0.0.1 at 2022-06-17 12:54:26 +0100
  [1m[35m (0.3ms)[0m  [1m[34mSELECT sqlite_version(*)[0m
  [1m[36mActiveRecord::SchemaMigration Pluck (0.1ms)[0m  [1m[34mSELECT "schema_migrations"."version" FROM "schema_migrations" ORDER BY "schema_migrations"."version" ASC[0m
  
SyntaxError (/home/luke/ruby-on-rails-projects/threadly/app/controllers/posts_controller.rb:19: syntax error, unexpected end-of-input, expecting `end'):
  
app/controllers/posts_controller.rb:19: syntax error, unexpected end-of-input, expecting `end'
app/controllers/posts_controller.rb:19: syntax error, unexpected end-of-input, expecting `end'
app/controllers/posts_controller.rb:19: syntax error, unexpected end-of-input, expecting `end'
Started GET "/" for 127.0.0.1 at 2022-06-17 12:54:42 +0100
Processing by PostsController#index as HTML
  [1m[35m (0.1ms)[0m  [1m[34mSELECT sqlite_version(*)[0m
  ↳ app/controllers/posts_controller.rb:3:in `index'
  Rendering layout layouts/application.html.erb
  Rendering posts/index.html.erb within layouts/application
  [1m[36mPost Load (0.2ms)[0m  [1m[34mSELECT "posts".* FROM "posts" ORDER BY "posts"."created_at" DESC[0m
  ↳ app/views/posts/index.html.erb:14
  Rendered posts/index.html.erb within layouts/application (Duration: 1.3ms | Allocations: 911)
  Rendered layout layouts/application.html.erb (Duration: 39.7ms | Allocations: 36090)
Completed 200 OK in 50ms (Views: 40.7ms | ActiveRecord: 1.0ms | Allocations: 45819)


Started GET "/" for 127.0.0.1 at 2022-06-17 12:57:10 +0100
  [1m[35m (0.4ms)[0m  [1m[34mSELECT sqlite_version(*)[0m
  [1m[36mActiveRecord::SchemaMigration Pluck (0.1ms)[0m  [1m[34mSELECT "schema_migrations"."version" FROM "schema_migrations" ORDER BY "schema_migrations"."version" ASC[0m
Processing by PostsController#index as HTML
  Rendering layout layouts/application.html.erb
  Rendering posts/index.html.erb within layouts/application
  Rendered posts/index.html.erb within layouts/application (Duration: 1.2ms | Allocations: 2387)
  Rendered layout layouts/application.html.erb (Duration: 1.4ms | Allocations: 2492)
Completed 500 Internal Server Error in 11ms (ActiveRecord: 0.5ms | Allocations: 13603)


  
ActionView::Template::Error (First argument in form cannot contain nil or be empty):
     7:     <div class="main">
     8:       <div class="container">
     9:         
    10:         <%= form_for(@posts) do |f| %>
    11:         <div class ="field">
    12:           <%= f.text_area :comment%>
    13:         </div>
  
app/views/posts/index.html.erb:10
Started GET "/" for 127.0.0.1 at 2022-06-17 12:57:40 +0100
Processing by PostsController#index as HTML
  Rendering layout layouts/application.html.erb
  Rendering posts/index.html.erb within layouts/application
  Rendered posts/index.html.erb within layouts/application (Duration: 0.7ms | Allocations: 1278)
  Rendered layout layouts/application.html.erb (Duration: 0.8ms | Allocations: 1363)
Completed 500 Internal Server Error in 3ms (ActiveRecord: 0.0ms | Allocations: 2575)


  
ActionView::Template::Error (First argument in form cannot contain nil or be empty):
     7:     <div class="main">
     8:       <div class="container">
     9:         
    10:         <%= form_for(@post) do |f| %>
    11:         <div class ="field">
    12:           <%= f.text_area :comment%>
    13:         </div>
  
app/views/posts/index.html.erb:10
Started GET "/" for 127.0.0.1 at 2022-06-17 12:57:41 +0100
Processing by PostsController#index as HTML
  Rendering layout layouts/application.html.erb
  Rendering posts/index.html.erb within layouts/application
  Rendered posts/index.html.erb within layouts/application (Duration: 0.3ms | Allocations: 958)
  Rendered layout layouts/application.html.erb (Duration: 0.4ms | Allocations: 1037)
Completed 500 Internal Server Error in 1ms (ActiveRecord: 0.0ms | Allocations: 1436)


  
ActionView::Template::Error (First argument in form cannot contain nil or be empty):
     7:     <div class="main">
     8:       <div class="container">
     9:         
    10:         <%= form_for(@post) do |f| %>
    11:         <div class ="field">
    12:           <%= f.text_area :comment%>
    13:         </div>
  
app/views/posts/index.html.erb:10
Started GET "/" for 127.0.0.1 at 2022-06-17 12:58:35 +0100
Processing by PostsController#index as HTML
  Rendering layout layouts/application.html.erb
  Rendering posts/index.html.erb within layouts/application
  [1m[36mPost Load (0.1ms)[0m  [1m[34mSELECT "posts".* FROM "posts" ORDER BY "posts"."created_at" DESC[0m
  ↳ app/views/posts/index.html.erb:21
  Rendered posts/index.html.erb within layouts/application (Duration: 10.2ms | Allocations: 8929)
  Rendered layout layouts/application.html.erb (Duration: 43.9ms | Allocations: 43327)
Completed 200 OK in 46ms (Views: 45.1ms | ActiveRecord: 0.1ms | Allocations: 44543)


Started POST "/posts" for 127.0.0.1 at 2022-06-17 12:58:43 +0100
Processing by PostsController#create as TURBO_STREAM
  Parameters: {"authenticity_token"=>"[FILTERED]", "post"=>{"comment"=>"This is a brand new comment\n"}, "commit"=>"Submit"}
Completed 500 Internal Server Error in 6ms (ActiveRecord: 0.0ms | Allocations: 3401)


  
NameError (undefined local variable or method `message_params' for #<PostsController:0x0000000000bd60>):
  
app/controllers/posts_controller.rb:8:in `create'
Started GET "/thanks" for 127.0.0.1 at 2022-06-17 12:59:20 +0100
  
ActionController::RoutingError (No route matches [GET] "/thanks"):
  
Started GET "/" for 127.0.0.1 at 2022-06-17 12:59:24 +0100
Processing by PostsController#index as HTML
  [1m[35m (0.1ms)[0m  [1m[34mSELECT sqlite_version(*)[0m
  ↳ app/controllers/posts_controller.rb:3:in `index'
  Rendering layout layouts/application.html.erb
  Rendering posts/index.html.erb within layouts/application
  [1m[36mPost Load (0.1ms)[0m  [1m[34mSELECT "posts".* FROM "posts" ORDER BY "posts"."created_at" DESC[0m
  ↳ app/views/posts/index.html.erb:21
  Rendered posts/index.html.erb within layouts/application (Duration: 2.2ms | Allocations: 1417)
  Rendered layout layouts/application.html.erb (Duration: 9.6ms | Allocations: 15023)
Completed 200 OK in 14ms (Views: 10.4ms | ActiveRecord: 0.6ms | Allocations: 18787)


Started POST "/posts" for 127.0.0.1 at 2022-06-17 12:59:25 +0100
Processing by PostsController#create as TURBO_STREAM
  Parameters: {"authenticity_token"=>"[FILTERED]", "post"=>{"comment"=>"This is a brand new comment\n"}, "commit"=>"Submit"}
  [1m[36mTRANSACTION (0.0ms)[0m  [1m[36mbegin transaction[0m
  ↳ app/controllers/posts_controller.rb:9:in `create'
  [1m[36mPost Create (0.1ms)[0m  [1m[32mINSERT INTO "posts" ("comment", "created_at", "updated_at") VALUES (?, ?, ?)[0m  [["comment", "This is a brand new comment\n"], ["created_at", "2022-06-17 11:59:25.792741"], ["updated_at", "2022-06-17 11:59:25.792741"]]
  ↳ app/controllers/posts_controller.rb:9:in `create'
  [1m[36mTRANSACTION (3.7ms)[0m  [1m[36mcommit transaction[0m
  ↳ app/controllers/posts_controller.rb:9:in `create'
Redirected to http://127.0.0.1:4001/
Completed 302 Found in 7ms (ActiveRecord: 3.9ms | Allocations: 3372)


Started GET "/" for 127.0.0.1 at 2022-06-17 12:59:25 +0100
Processing by PostsController#index as TURBO_STREAM
  Rendering layout layouts/application.html.erb
  Rendering posts/index.html.erb within layouts/application
  [1m[36mPost Load (0.1ms)[0m  [1m[34mSELECT "posts".* FROM "posts" ORDER BY "posts"."created_at" DESC[0m
  ↳ app/views/posts/index.html.erb:21
  Rendered posts/index.html.erb within layouts/application (Duration: 1.4ms | Allocations: 1127)
  Rendered layout layouts/application.html.erb (Duration: 2.9ms | Allocations: 3376)
Completed 200 OK in 4ms (Views: 3.1ms | ActiveRecord: 0.1ms | Allocations: 3840)


Started POST "/posts" for 127.0.0.1 at 2022-06-17 12:59:42 +0100
Processing by PostsController#create as TURBO_STREAM
  Parameters: {"authenticity_token"=>"[FILTERED]", "post"=>{"comment"=>"Im an absolute genius\n"}, "commit"=>"Submit"}
  [1m[36mTRANSACTION (0.0ms)[0m  [1m[36mbegin transaction[0m
  ↳ app/controllers/posts_controller.rb:9:in `create'
  [1m[36mPost Create (0.1ms)[0m  [1m[32mINSERT INTO "posts" ("comment", "created_at", "updated_at") VALUES (?, ?, ?)[0m  [["comment", "Im an absolute genius\n"], ["created_at", "2022-06-17 11:59:42.383860"], ["updated_at", "2022-06-17 11:59:42.383860"]]
  ↳ app/controllers/posts_controller.rb:9:in `create'
  [1m[36mTRANSACTION (5.2ms)[0m  [1m[36mcommit transaction[0m
  ↳ app/controllers/posts_controller.rb:9:in `create'
Redirected to http://127.0.0.1:4001/
Completed 302 Found in 7ms (ActiveRecord: 5.3ms | Allocations: 2118)


Started GET "/" for 127.0.0.1 at 2022-06-17 12:59:42 +0100
Processing by PostsController#index as TURBO_STREAM
  Rendering layout layouts/application.html.erb
  Rendering posts/index.html.erb within layouts/application
  [1m[36mPost Load (0.1ms)[0m  [1m[34mSELECT "posts".* FROM "posts" ORDER BY "posts"."created_at" DESC[0m
  ↳ app/views/posts/index.html.erb:21
  Rendered posts/index.html.erb within layouts/application (Duration: 1.3ms | Allocations: 1098)
  Rendered layout layouts/application.html.erb (Duration: 2.9ms | Allocations: 3347)
Completed 200 OK in 4ms (Views: 3.1ms | ActiveRecord: 0.1ms | Allocations: 3729)


Started POST "/posts" for 127.0.0.1 at 2022-06-17 12:59:51 +0100
Processing by PostsController#create as TURBO_STREAM
  Parameters: {"authenticity_token"=>"[FILTERED]", "post"=>{"comment"=>"Yes you are"}, "commit"=>"Submit"}
  [1m[36mTRANSACTION (0.0ms)[0m  [1m[36mbegin transaction[0m
  ↳ app/controllers/posts_controller.rb:9:in `create'
  [1m[36mPost Create (0.1ms)[0m  [1m[32mINSERT INTO "posts" ("comment", "created_at", "updated_at") VALUES (?, ?, ?)[0m  [["comment", "Yes you are"], ["created_at", "2022-06-17 11:59:51.759325"], ["updated_at", "2022-06-17 11:59:51.759325"]]
  ↳ app/controllers/posts_controller.rb:9:in `create'
  [1m[36mTRANSACTION (3.9ms)[0m  [1m[36mcommit transaction[0m
  ↳ app/controllers/posts_controller.rb:9:in `create'
Redirected to http://127.0.0.1:4001/
Completed 302 Found in 6ms (ActiveRecord: 4.1ms | Allocations: 2121)


Started GET "/" for 127.0.0.1 at 2022-06-17 12:59:51 +0100
Processing by PostsController#index as TURBO_STREAM
  Rendering layout layouts/application.html.erb
  Rendering posts/index.html.erb within layouts/application
  [1m[36mPost Load (0.1ms)[0m  [1m[34mSELECT "posts".* FROM "posts" ORDER BY "posts"."created_at" DESC[0m
  ↳ app/views/posts/index.html.erb:21
  Rendered posts/index.html.erb within layouts/application (Duration: 1.4ms | Allocations: 1120)
  Rendered layout layouts/application.html.erb (Duration: 3.0ms | Allocations: 3369)
Completed 200 OK in 4ms (Views: 3.3ms | ActiveRecord: 0.1ms | Allocations: 3751)


